<?xml version="1.0" encoding="UTF-8"?>
<!-- Generated by org.testng.reporters.JUnitReportReporter -->
<testsuite hostname="Yogaslim7" failures="0" tests="2" name="rahulshettyacademy.Tests.SubmitOrder" time="24.253" errors="0" timestamp="2025-01-06T22:42:44 IST" skipped="0">
  <testcase classname="rahulshettyacademy.Tests.SubmitOrder" name="submitOrder" time="12.333"/>
  <system-out/>
  <testcase classname="rahulshettyacademy.Tests.SubmitOrder" name="submitOrder" time="11.920"/>
  <system-out/>
</testsuite> <!-- rahulshettyacademy.Tests.SubmitOrder -->
