<?xml version="1.0" encoding="UTF-8"?>
<!-- Generated by org.testng.reporters.JUnitReportReporter -->
<testsuite hostname="Yogaslim7" failures="0" tests="1" name="rahulshettyacademy.Tests.ErrorValidations" time="6.060" errors="0" timestamp="2025-01-03T12:57:31 IST" skipped="0">
  <testcase classname="rahulshettyacademy.Tests.ErrorValidations" name="loginErrorValidation" time="6.060"/>
</testsuite> <!-- rahulshettyacademy.Tests.ErrorValidations -->
