<?xml version="1.0" encoding="UTF-8"?>
<!-- Generated by org.testng.reporters.JUnitReportReporter -->
<testsuite hostname="Yogaslim7" failures="0" tests="2" name="rahulshettyacademy.Tests.SubmitOrder" time="39.356" errors="0" timestamp="2025-01-06T22:56:14 IST" skipped="0">
  <testcase classname="rahulshettyacademy.Tests.SubmitOrder" name="submitOrder" time="12.724"/>
  <system-out/>
  <testcase classname="rahulshettyacademy.Tests.SubmitOrder" name="submitOrder" time="26.632"/>
  <system-out/>
</testsuite> <!-- rahulshettyacademy.Tests.SubmitOrder -->
