<?xml version="1.0" encoding="UTF-8"?>
<!-- Generated by org.testng.reporters.JUnitReportReporter -->
<testsuite hostname="Yogaslim7" failures="0" tests="2" name="rahulshettyacademy.Tests.SubmitOrder" time="17.087" errors="0" timestamp="2025-01-03T12:57:31 IST" skipped="0">
  <testcase classname="rahulshettyacademy.Tests.SubmitOrder" name="submitOrder" time="9.178"/>
  <testcase classname="rahulshettyacademy.Tests.SubmitOrder" name="verifyOrders" time="7.909"/>
</testsuite> <!-- rahulshettyacademy.Tests.SubmitOrder -->
